  jaricom.c
  jcapimin.c
  jcapistd.c
  jcarith.c
  jccoefct.c
  jccolor.c
  jcdctmgr.c
  jchuff.c
  jcinit.c
  jcmainct.c
  jcmarker.c
  jcmaster.c
  jcomapi.c
  jcparam.c
  jcprepct.c
  jcsample.c
  jctrans.c
  jdapimin.c
  jdapistd.c
  jdarith.c
  Compiling...
  jdatadst.c
jdatadst.c(185): warning C4267: '=': conversion from 'size_t' to 'unsigned long', possible loss of data
  jdatasrc.c
  jdcoefct.c
  jdcolor.c
  jddctmgr.c
  jdhuff.c
  jdinput.c
  jdmainct.c
  jdmarker.c
  jdmaster.c
  jdmerge.c
  jdpostct.c
  jdsample.c
  jdtrans.c
  jerror.c
  jfdctflt.c
  jfdctfst.c
  jfdctint.c
  jidctflt.c
  jidctfst.c
  Compiling...
  jidctint.c
  jmemmgr.c
jmemmgr.c(307): warning C4267: '+=': conversion from 'size_t' to 'long', possible loss of data
jmemmgr.c(367): warning C4267: '+=': conversion from 'size_t' to 'long', possible loss of data
jmemmgr.c(977): warning C4267: '-=': conversion from 'size_t' to 'long', possible loss of data
jmemmgr.c(991): warning C4267: '-=': conversion from 'size_t' to 'long', possible loss of data
  jmemnobs.c
  jquant1.c
  jutils.c
  jquant2.c
  jpeg.vcxproj -> D:\Work\Libraries\jpeg-9b\x64\Release\jpeg.lib
